  main.cpp
C:\Users\Lee Minyoung\Desktop\Image_Rotation_Exercise_20191621_이민영\Image_Rotation\main.cpp(17,58): warning C4244: '인수': 'double'에서 '_Tp'(으)로 변환하면서 데이터가 손실될 수 있습니다.
          with
          [
              _Tp=float
          ]
C:\Users\Lee Minyoung\Desktop\Image_Rotation_Exercise_20191621_이민영\Image_Rotation\main.cpp(17,40): warning C4244: '인수': 'double'에서 '_Tp'(으)로 변환하면서 데이터가 손실될 수 있습니다.
          with
          [
              _Tp=float
          ]
C:\Users\Lee Minyoung\Desktop\Image_Rotation_Exercise_20191621_이민영\Image_Rotation\main.cpp(30,13): warning C4244: '초기화 중': 'double'에서 'int'(으)로 변환하면서 데이터가 손실될 수 있습니다.
C:\Users\Lee Minyoung\Desktop\Image_Rotation_Exercise_20191621_이민영\Image_Rotation\main.cpp(31,13): warning C4244: '초기화 중': 'double'에서 'int'(으)로 변환하면서 데이터가 손실될 수 있습니다.
C:\Users\Lee Minyoung\Desktop\Image_Rotation_Exercise_20191621_이민영\Image_Rotation\main.cpp(43,21): warning C4244: '=': '_Tp'에서 'int'(으)로 변환하면서 데이터가 손실될 수 있습니다.
          with
          [
              _Tp=float
          ]
C:\Users\Lee Minyoung\Desktop\Image_Rotation_Exercise_20191621_이민영\Image_Rotation\main.cpp(44,21): warning C4244: '=': '_Tp'에서 'int'(으)로 변환하면서 데이터가 손실될 수 있습니다.
          with
          [
              _Tp=float
          ]
C:\Users\Lee Minyoung\Desktop\Image_Rotation_Exercise_20191621_이민영\Image_Rotation\main.cpp(46,15): warning C4244: '초기화 중': 'double'에서 'int'(으)로 변환하면서 데이터가 손실될 수 있습니다.
C:\Users\Lee Minyoung\Desktop\Image_Rotation_Exercise_20191621_이민영\Image_Rotation\main.cpp(47,15): warning C4244: '초기화 중': 'double'에서 'int'(으)로 변환하면서 데이터가 손실될 수 있습니다.
C:\Users\Lee Minyoung\Desktop\Image_Rotation_Exercise_20191621_이민영\Image_Rotation\main.cpp(80,55): warning C4244: '인수': 'double'에서 '_Tp'(으)로 변환하면서 데이터가 손실될 수 있습니다.
          with
          [
              _Tp=int
          ]
C:\Users\Lee Minyoung\Desktop\Image_Rotation_Exercise_20191621_이민영\Image_Rotation\main.cpp(80,37): warning C4244: '인수': 'double'에서 '_Tp'(으)로 변환하면서 데이터가 손실될 수 있습니다.
          with
          [
              _Tp=int
          ]
C:\Users\Lee Minyoung\Desktop\Image_Rotation_Exercise_20191621_이민영\Image_Rotation\main.cpp(93,13): warning C4244: '초기화 중': 'double'에서 'int'(으)로 변환하면서 데이터가 손실될 수 있습니다.
C:\Users\Lee Minyoung\Desktop\Image_Rotation_Exercise_20191621_이민영\Image_Rotation\main.cpp(94,13): warning C4244: '초기화 중': 'double'에서 'int'(으)로 변환하면서 데이터가 손실될 수 있습니다.
C:\Users\Lee Minyoung\Desktop\Image_Rotation_Exercise_20191621_이민영\Image_Rotation\main.cpp(105,11): warning C4244: '초기화 중': 'double'에서 'int'(으)로 변환하면서 데이터가 손실될 수 있습니다.
C:\Users\Lee Minyoung\Desktop\Image_Rotation_Exercise_20191621_이민영\Image_Rotation\main.cpp(106,11): warning C4244: '초기화 중': 'double'에서 'int'(으)로 변환하면서 데이터가 손실될 수 있습니다.
C:\Users\Lee Minyoung\Desktop\Image_Rotation_Exercise_20191621_이민영\Image_Rotation\main.cpp(146,54): warning C4244: '인수': 'double'에서 '_Tp'(으)로 변환하면서 데이터가 손실될 수 있습니다.
          with
          [
              _Tp=int
          ]
C:\Users\Lee Minyoung\Desktop\Image_Rotation_Exercise_20191621_이민영\Image_Rotation\main.cpp(146,36): warning C4244: '인수': 'double'에서 '_Tp'(으)로 변환하면서 데이터가 손실될 수 있습니다.
          with
          [
              _Tp=int
          ]
C:\Users\Lee Minyoung\Desktop\Image_Rotation_Exercise_20191621_이민영\Image_Rotation\main.cpp(158,13): warning C4244: '초기화 중': 'double'에서 'int'(으)로 변환하면서 데이터가 손실될 수 있습니다.
C:\Users\Lee Minyoung\Desktop\Image_Rotation_Exercise_20191621_이민영\Image_Rotation\main.cpp(159,13): warning C4244: '초기화 중': 'double'에서 'int'(으)로 변환하면서 데이터가 손실될 수 있습니다.
C:\Users\Lee Minyoung\Desktop\Image_Rotation_Exercise_20191621_이민영\Image_Rotation\main.cpp(187,15): warning C4244: '초기화 중': 'double'에서 'int'(으)로 변환하면서 데이터가 손실될 수 있습니다.
C:\Users\Lee Minyoung\Desktop\Image_Rotation_Exercise_20191621_이민영\Image_Rotation\main.cpp(187,29): warning C4244: '초기화 중': 'double'에서 'int'(으)로 변환하면서 데이터가 손실될 수 있습니다.
C:\Users\Lee Minyoung\Desktop\Image_Rotation_Exercise_20191621_이민영\Image_Rotation\main.cpp(188,15): warning C4244: '초기화 중': 'double'에서 'int'(으)로 변환하면서 데이터가 손실될 수 있습니다.
C:\Users\Lee Minyoung\Desktop\Image_Rotation_Exercise_20191621_이민영\Image_Rotation\main.cpp(188,29): warning C4244: '초기화 중': 'double'에서 'int'(으)로 변환하면서 데이터가 손실될 수 있습니다.
C:\Users\Lee Minyoung\Desktop\Image_Rotation_Exercise_20191621_이민영\Image_Rotation\main.cpp(189,15): warning C4244: '초기화 중': 'double'에서 'int'(으)로 변환하면서 데이터가 손실될 수 있습니다.
C:\Users\Lee Minyoung\Desktop\Image_Rotation_Exercise_20191621_이민영\Image_Rotation\main.cpp(189,33): warning C4244: '초기화 중': 'double'에서 'int'(으)로 변환하면서 데이터가 손실될 수 있습니다.
C:\Users\Lee Minyoung\Desktop\Image_Rotation_Exercise_20191621_이민영\Image_Rotation\main.cpp(190,15): warning C4244: '초기화 중': 'double'에서 'int'(으)로 변환하면서 데이터가 손실될 수 있습니다.
C:\Users\Lee Minyoung\Desktop\Image_Rotation_Exercise_20191621_이민영\Image_Rotation\main.cpp(190,33): warning C4244: '초기화 중': 'double'에서 'int'(으)로 변환하면서 데이터가 손실될 수 있습니다.
C:\Users\Lee Minyoung\Desktop\Image_Rotation_Exercise_20191621_이민영\Image_Rotation\main.cpp(203,94): warning C4244: '=': 'double'에서 '_Tp'(으)로 변환하면서 데이터가 손실될 수 있습니다.
          with
          [
              _Tp=uchar
          ]
C:\Users\Lee Minyoung\Desktop\Image_Rotation_Exercise_20191621_이민영\Image_Rotation\main.cpp(173,18): warning C4101: 'multi' :참조되지 않은 지역 변수입니다.
C:\Users\Lee Minyoung\Desktop\Image_Rotation_Exercise_20191621_이민영\Image_Rotation\main.cpp(174,12): warning C4101: 'rotate_' :참조되지 않은 지역 변수입니다.
  _2Image_Rotation.vcxproj -> C:\Users\Lee Minyoung\Desktop\Image_Rotation_Exercise_20191621_이민영\Debug\Image_Rotation.exe
